<?xml version="1.0" encoding="UTF-8"?>
<!-- Generated by org.testng.reporters.JUnitReportReporter -->
<testsuite hostname="DESKTOP-3T5KP8E" name="com.eligibilityChecker.stepdefinitions.EligibilityTest_Steps" tests="1" failures="0" timestamp="15 Oct 2023 16:03:02 GMT" time="268.843" errors="0">
  <testcase name="feature" time="268.843" classname="com.eligibilityChecker.stepdefinitions.EligibilityTest_Steps"/>
</testsuite> <!-- com.eligibilityChecker.stepdefinitions.EligibilityTest_Steps -->
