<?xml version="1.0" encoding="UTF-8"?>
<!-- Generated by org.testng.reporters.JUnitReportReporter -->
<testsuite hostname="AVINASHPF12VJBT" name="com.cucumberFramework.testRunner.TestRunner" tests="1" failures="0" timestamp="27 Sep 2021 09:20:27 GMT" time="78.691" errors="0">
  <testcase name="feature" time="78.691" classname="com.cucumberFramework.testRunner.TestRunner"/>
</testsuite> <!-- com.cucumberFramework.testRunner.TestRunner -->
