<?xml version="1.0" encoding="UTF-8"?>
<!-- Generated by org.testng.reporters.JUnitReportReporter -->
<testsuite hostname="DESKTOP-3T5KP8E" name="com.eligibilityChecker.testRunner.TestRunner" tests="1" failures="0" timestamp="15 Oct 2023 19:18:02 GMT" time="273.698" errors="0">
  <testcase name="feature" time="273.698" classname="com.eligibilityChecker.testRunner.TestRunner"/>
</testsuite> <!-- com.eligibilityChecker.testRunner.TestRunner -->
